  BasketandTable.cpp
C:\Users\Brionne\source\repos\Final Project with Lighting and Textures\shader.h(57,34): warning C4101: 'e': unreferenced local variable
C:\Users\Brionne\source\repos\Final Project with Lighting and Textures\BasketandTable.cpp(280,22): warning C4244: 'initializing': conversion from 'double' to 'float', possible loss of data
C:\Users\Brionne\source\repos\Final Project with Lighting and Textures\BasketandTable.cpp(404,75): warning C4305: 'argument': truncation from 'double' to 'float'
C:\Users\Brionne\source\repos\Final Project with Lighting and Textures\BasketandTable.cpp(426,72): warning C4305: 'argument': truncation from 'double' to 'float'
C:\Users\Brionne\source\repos\Final Project with Lighting and Textures\BasketandTable.cpp(464,73): warning C4305: 'argument': truncation from 'double' to 'float'
C:\Users\Brionne\source\repos\Final Project with Lighting and Textures\BasketandTable.cpp(654,20): warning C4244: 'initializing': conversion from 'double' to 'float', possible loss of data
C:\Users\Brionne\source\repos\Final Project with Lighting and Textures\BasketandTable.cpp(1233,11): warning C4244: '=': conversion from 'double' to 'float', possible loss of data
C:\Users\Brionne\source\repos\Final Project with Lighting and Textures\BasketandTable.cpp(1234,11): warning C4244: '=': conversion from 'double' to 'float', possible loss of data
C:\Users\Brionne\source\repos\Final Project with Lighting and Textures\BasketandTable.cpp(1238,16): warning C4244: 'initializing': conversion from 'double' to 'float', possible loss of data
C:\Users\Brionne\source\repos\Final Project with Lighting and Textures\BasketandTable.cpp(1239,16): warning C4244: 'initializing': conversion from 'double' to 'float', possible loss of data
C:\Users\Brionne\source\repos\Final Project with Lighting and Textures\BasketandTable.cpp(1240,10): warning C4244: '=': conversion from 'double' to 'float', possible loss of data
C:\Users\Brionne\source\repos\Final Project with Lighting and Textures\BasketandTable.cpp(1241,10): warning C4244: '=': conversion from 'double' to 'float', possible loss of data
C:\Users\Brionne\source\repos\Final Project with Lighting and Textures\BasketandTable.cpp(1267,24): warning C4244: '+=': conversion from 'double' to 'float', possible loss of data
LINK : warning LNK4098: defaultlib 'LIBCMT' conflicts with use of other libs; use /NODEFAULTLIB:library
  Generating code
  Previous IPDB and IOBJ mismatch, fall back to full compilation.
  All 585 functions were compiled because no usable IPDB/IOBJ from previous compilation was found.
  Finished generating code
glew32s.lib(glew.obj) : warning LNK4099: PDB 'vc120.pdb' was not found with 'glew32s.lib(glew.obj)' or at 'C:\Users\Brionne\source\repos\Final Project with Lighting and Textures\Release\vc120.pdb'; linking object as if no debug info
  Final Project with Lighting and Textures.vcxproj -> C:\Users\Brionne\source\repos\Final Project with Lighting and Textures\Release\Final Project with Lighting and Textures.exe
